15:13:44,419 (main) ERROR [DataNucleus.Datastore.Schema] - La inicialización del base de datos ha fallado.
Access denied for user 'root'@'localhost' (using password: YES)
org.datanucleus.exceptions.NucleusDataStoreException: Access denied for user 'root'@'localhost' (using password: YES)
	at org.datanucleus.store.rdbms.ConnectionFactoryImpl$ManagedConnectionImpl.getConnection(ConnectionFactoryImpl.java:513)
	at org.datanucleus.store.rdbms.RDBMSStoreManager.<init>(RDBMSStoreManager.java:285)
	at java.base/jdk.internal.reflect.NativeConstructorAccessorImpl.newInstance0(Native Method)
	at java.base/jdk.internal.reflect.NativeConstructorAccessorImpl.newInstance(NativeConstructorAccessorImpl.java:77)
	at java.base/jdk.internal.reflect.DelegatingConstructorAccessorImpl.newInstance(DelegatingConstructorAccessorImpl.java:45)
	at java.base/java.lang.reflect.Constructor.newInstanceWithCaller(Constructor.java:499)
	at java.base/java.lang.reflect.Constructor.newInstance(Constructor.java:480)
	at org.datanucleus.util.ClassUtils.newInstance(ClassUtils.java:81)
	at org.datanucleus.plugin.NonManagedPluginRegistry.createExecutableExtension(NonManagedPluginRegistry.java:592)
	at org.datanucleus.plugin.PluginManager.createExecutableExtension(PluginManager.java:296)
	at org.datanucleus.store.StoreManagerHelper.createStoreManagerForProperties(StoreManagerHelper.java:77)
	at org.datanucleus.PersistenceNucleusContextImpl.initialise(PersistenceNucleusContextImpl.java:424)
	at org.datanucleus.store.schema.SchemaTool.getNucleusContextForMode(SchemaTool.java:738)
	at org.datanucleus.store.schema.SchemaTool.main(SchemaTool.java:295)
Caused by: java.sql.SQLException: Access denied for user 'root'@'localhost' (using password: YES)
	at com.mysql.cj.jdbc.exceptions.SQLError.createSQLException(SQLError.java:129)
	at com.mysql.cj.jdbc.exceptions.SQLExceptionsMapping.translateException(SQLExceptionsMapping.java:122)
	at com.mysql.cj.jdbc.ConnectionImpl.createNewIO(ConnectionImpl.java:1001)
	at com.mysql.cj.jdbc.ConnectionImpl.<init>(ConnectionImpl.java:614)
	at com.mysql.cj.jdbc.ConnectionImpl.getInstance(ConnectionImpl.java:399)
	at com.mysql.cj.jdbc.NonRegisteringDriver.connect(NonRegisteringDriver.java:209)
	at java.sql/java.sql.DriverManager.getConnection(DriverManager.java:681)
	at java.sql/java.sql.DriverManager.getConnection(DriverManager.java:190)
	at org.datanucleus.store.rdbms.datasource.dbcp2.DriverManagerConnectionFactory.createConnection(DriverManagerConnectionFactory.java:123)
	at org.datanucleus.store.rdbms.datasource.dbcp2.PoolableConnectionFactory.makeObject(PoolableConnectionFactory.java:353)
	at org.datanucleus.store.rdbms.datasource.dbcp2.pool2.impl.GenericObjectPool.create(GenericObjectPool.java:899)
	at org.datanucleus.store.rdbms.datasource.dbcp2.pool2.impl.GenericObjectPool.borrowObject(GenericObjectPool.java:429)
	at org.datanucleus.store.rdbms.datasource.dbcp2.pool2.impl.GenericObjectPool.borrowObject(GenericObjectPool.java:354)
	at org.datanucleus.store.rdbms.datasource.dbcp2.PoolingDataSource.getConnection(PoolingDataSource.java:132)
	at org.datanucleus.store.rdbms.ConnectionFactoryImpl$ManagedConnectionImpl.getConnection(ConnectionFactoryImpl.java:496)
	... 13 more
Nested Throwables StackTrace:
java.sql.SQLException: Access denied for user 'root'@'localhost' (using password: YES)
	at com.mysql.cj.jdbc.exceptions.SQLError.createSQLException(SQLError.java:129)
	at com.mysql.cj.jdbc.exceptions.SQLExceptionsMapping.translateException(SQLExceptionsMapping.java:122)
	at com.mysql.cj.jdbc.ConnectionImpl.createNewIO(ConnectionImpl.java:1001)
	at com.mysql.cj.jdbc.ConnectionImpl.<init>(ConnectionImpl.java:614)
	at com.mysql.cj.jdbc.ConnectionImpl.getInstance(ConnectionImpl.java:399)
	at com.mysql.cj.jdbc.NonRegisteringDriver.connect(NonRegisteringDriver.java:209)
	at java.sql/java.sql.DriverManager.getConnection(DriverManager.java:681)
	at java.sql/java.sql.DriverManager.getConnection(DriverManager.java:190)
	at org.datanucleus.store.rdbms.datasource.dbcp2.DriverManagerConnectionFactory.createConnection(DriverManagerConnectionFactory.java:123)
	at org.datanucleus.store.rdbms.datasource.dbcp2.PoolableConnectionFactory.makeObject(PoolableConnectionFactory.java:353)
	at org.datanucleus.store.rdbms.datasource.dbcp2.pool2.impl.GenericObjectPool.create(GenericObjectPool.java:899)
	at org.datanucleus.store.rdbms.datasource.dbcp2.pool2.impl.GenericObjectPool.borrowObject(GenericObjectPool.java:429)
	at org.datanucleus.store.rdbms.datasource.dbcp2.pool2.impl.GenericObjectPool.borrowObject(GenericObjectPool.java:354)
	at org.datanucleus.store.rdbms.datasource.dbcp2.PoolingDataSource.getConnection(PoolingDataSource.java:132)
	at org.datanucleus.store.rdbms.ConnectionFactoryImpl$ManagedConnectionImpl.getConnection(ConnectionFactoryImpl.java:496)
	at org.datanucleus.store.rdbms.RDBMSStoreManager.<init>(RDBMSStoreManager.java:285)
	at java.base/jdk.internal.reflect.NativeConstructorAccessorImpl.newInstance0(Native Method)
	at java.base/jdk.internal.reflect.NativeConstructorAccessorImpl.newInstance(NativeConstructorAccessorImpl.java:77)
	at java.base/jdk.internal.reflect.DelegatingConstructorAccessorImpl.newInstance(DelegatingConstructorAccessorImpl.java:45)
	at java.base/java.lang.reflect.Constructor.newInstanceWithCaller(Constructor.java:499)
	at java.base/java.lang.reflect.Constructor.newInstance(Constructor.java:480)
	at org.datanucleus.util.ClassUtils.newInstance(ClassUtils.java:81)
	at org.datanucleus.plugin.NonManagedPluginRegistry.createExecutableExtension(NonManagedPluginRegistry.java:592)
	at org.datanucleus.plugin.PluginManager.createExecutableExtension(PluginManager.java:296)
	at org.datanucleus.store.StoreManagerHelper.createStoreManagerForProperties(StoreManagerHelper.java:77)
	at org.datanucleus.PersistenceNucleusContextImpl.initialise(PersistenceNucleusContextImpl.java:424)
	at org.datanucleus.store.schema.SchemaTool.getNucleusContextForMode(SchemaTool.java:738)
	at org.datanucleus.store.schema.SchemaTool.main(SchemaTool.java:295)
15:13:44,423 (main) ERROR [DataNucleus.Datastore] - Exception thrown creating StoreManager : Access denied for user 'root'@'localhost' (using password: YES)
15:13:44,423 (main) ERROR [DataNucleus.SchemaTool] - Error creating NucleusContext
Access denied for user 'root'@'localhost' (using password: YES)
org.datanucleus.exceptions.NucleusException: Access denied for user 'root'@'localhost' (using password: YES)
	at org.datanucleus.store.StoreManagerHelper.createStoreManagerForProperties(StoreManagerHelper.java:98)
	at org.datanucleus.PersistenceNucleusContextImpl.initialise(PersistenceNucleusContextImpl.java:424)
	at org.datanucleus.store.schema.SchemaTool.getNucleusContextForMode(SchemaTool.java:738)
	at org.datanucleus.store.schema.SchemaTool.main(SchemaTool.java:295)
Caused by: org.datanucleus.exceptions.NucleusDataStoreException: Access denied for user 'root'@'localhost' (using password: YES)
	at org.datanucleus.store.rdbms.ConnectionFactoryImpl$ManagedConnectionImpl.getConnection(ConnectionFactoryImpl.java:513)
	at org.datanucleus.store.rdbms.RDBMSStoreManager.<init>(RDBMSStoreManager.java:285)
	at java.base/jdk.internal.reflect.NativeConstructorAccessorImpl.newInstance0(Native Method)
	at java.base/jdk.internal.reflect.NativeConstructorAccessorImpl.newInstance(NativeConstructorAccessorImpl.java:77)
	at java.base/jdk.internal.reflect.DelegatingConstructorAccessorImpl.newInstance(DelegatingConstructorAccessorImpl.java:45)
	at java.base/java.lang.reflect.Constructor.newInstanceWithCaller(Constructor.java:499)
	at java.base/java.lang.reflect.Constructor.newInstance(Constructor.java:480)
	at org.datanucleus.util.ClassUtils.newInstance(ClassUtils.java:81)
	at org.datanucleus.plugin.NonManagedPluginRegistry.createExecutableExtension(NonManagedPluginRegistry.java:592)
	at org.datanucleus.plugin.PluginManager.createExecutableExtension(PluginManager.java:296)
	at org.datanucleus.store.StoreManagerHelper.createStoreManagerForProperties(StoreManagerHelper.java:77)
	... 3 more
Caused by: java.sql.SQLException: Access denied for user 'root'@'localhost' (using password: YES)
	at com.mysql.cj.jdbc.exceptions.SQLError.createSQLException(SQLError.java:129)
	at com.mysql.cj.jdbc.exceptions.SQLExceptionsMapping.translateException(SQLExceptionsMapping.java:122)
	at com.mysql.cj.jdbc.ConnectionImpl.createNewIO(ConnectionImpl.java:1001)
	at com.mysql.cj.jdbc.ConnectionImpl.<init>(ConnectionImpl.java:614)
	at com.mysql.cj.jdbc.ConnectionImpl.getInstance(ConnectionImpl.java:399)
	at com.mysql.cj.jdbc.NonRegisteringDriver.connect(NonRegisteringDriver.java:209)
	at java.sql/java.sql.DriverManager.getConnection(DriverManager.java:681)
	at java.sql/java.sql.DriverManager.getConnection(DriverManager.java:190)
	at org.datanucleus.store.rdbms.datasource.dbcp2.DriverManagerConnectionFactory.createConnection(DriverManagerConnectionFactory.java:123)
	at org.datanucleus.store.rdbms.datasource.dbcp2.PoolableConnectionFactory.makeObject(PoolableConnectionFactory.java:353)
	at org.datanucleus.store.rdbms.datasource.dbcp2.pool2.impl.GenericObjectPool.create(GenericObjectPool.java:899)
	at org.datanucleus.store.rdbms.datasource.dbcp2.pool2.impl.GenericObjectPool.borrowObject(GenericObjectPool.java:429)
	at org.datanucleus.store.rdbms.datasource.dbcp2.pool2.impl.GenericObjectPool.borrowObject(GenericObjectPool.java:354)
	at org.datanucleus.store.rdbms.datasource.dbcp2.PoolingDataSource.getConnection(PoolingDataSource.java:132)
	at org.datanucleus.store.rdbms.ConnectionFactoryImpl$ManagedConnectionImpl.getConnection(ConnectionFactoryImpl.java:496)
	... 13 more
Nested Throwables StackTrace:
Access denied for user 'root'@'localhost' (using password: YES)
org.datanucleus.exceptions.NucleusDataStoreException: Access denied for user 'root'@'localhost' (using password: YES)
	at org.datanucleus.store.rdbms.ConnectionFactoryImpl$ManagedConnectionImpl.getConnection(ConnectionFactoryImpl.java:513)
	at org.datanucleus.store.rdbms.RDBMSStoreManager.<init>(RDBMSStoreManager.java:285)
	at java.base/jdk.internal.reflect.NativeConstructorAccessorImpl.newInstance0(Native Method)
	at java.base/jdk.internal.reflect.NativeConstructorAccessorImpl.newInstance(NativeConstructorAccessorImpl.java:77)
	at java.base/jdk.internal.reflect.DelegatingConstructorAccessorImpl.newInstance(DelegatingConstructorAccessorImpl.java:45)
	at java.base/java.lang.reflect.Constructor.newInstanceWithCaller(Constructor.java:499)
	at java.base/java.lang.reflect.Constructor.newInstance(Constructor.java:480)
	at org.datanucleus.util.ClassUtils.newInstance(ClassUtils.java:81)
	at org.datanucleus.plugin.NonManagedPluginRegistry.createExecutableExtension(NonManagedPluginRegistry.java:592)
	at org.datanucleus.plugin.PluginManager.createExecutableExtension(PluginManager.java:296)
	at org.datanucleus.store.StoreManagerHelper.createStoreManagerForProperties(StoreManagerHelper.java:77)
	at org.datanucleus.PersistenceNucleusContextImpl.initialise(PersistenceNucleusContextImpl.java:424)
	at org.datanucleus.store.schema.SchemaTool.getNucleusContextForMode(SchemaTool.java:738)
	at org.datanucleus.store.schema.SchemaTool.main(SchemaTool.java:295)
Caused by: java.sql.SQLException: Access denied for user 'root'@'localhost' (using password: YES)
	at com.mysql.cj.jdbc.exceptions.SQLError.createSQLException(SQLError.java:129)
	at com.mysql.cj.jdbc.exceptions.SQLExceptionsMapping.translateException(SQLExceptionsMapping.java:122)
	at com.mysql.cj.jdbc.ConnectionImpl.createNewIO(ConnectionImpl.java:1001)
	at com.mysql.cj.jdbc.ConnectionImpl.<init>(ConnectionImpl.java:614)
	at com.mysql.cj.jdbc.ConnectionImpl.getInstance(ConnectionImpl.java:399)
	at com.mysql.cj.jdbc.NonRegisteringDriver.connect(NonRegisteringDriver.java:209)
	at java.sql/java.sql.DriverManager.getConnection(DriverManager.java:681)
	at java.sql/java.sql.DriverManager.getConnection(DriverManager.java:190)
	at org.datanucleus.store.rdbms.datasource.dbcp2.DriverManagerConnectionFactory.createConnection(DriverManagerConnectionFactory.java:123)
	at org.datanucleus.store.rdbms.datasource.dbcp2.PoolableConnectionFactory.makeObject(PoolableConnectionFactory.java:353)
	at org.datanucleus.store.rdbms.datasource.dbcp2.pool2.impl.GenericObjectPool.create(GenericObjectPool.java:899)
	at org.datanucleus.store.rdbms.datasource.dbcp2.pool2.impl.GenericObjectPool.borrowObject(GenericObjectPool.java:429)
	at org.datanucleus.store.rdbms.datasource.dbcp2.pool2.impl.GenericObjectPool.borrowObject(GenericObjectPool.java:354)
	at org.datanucleus.store.rdbms.datasource.dbcp2.PoolingDataSource.getConnection(PoolingDataSource.java:132)
	at org.datanucleus.store.rdbms.ConnectionFactoryImpl$ManagedConnectionImpl.getConnection(ConnectionFactoryImpl.java:496)
	... 13 more
Nested Throwables StackTrace:
java.sql.SQLException: Access denied for user 'root'@'localhost' (using password: YES)
	at com.mysql.cj.jdbc.exceptions.SQLError.createSQLException(SQLError.java:129)
	at com.mysql.cj.jdbc.exceptions.SQLExceptionsMapping.translateException(SQLExceptionsMapping.java:122)
	at com.mysql.cj.jdbc.ConnectionImpl.createNewIO(ConnectionImpl.java:1001)
	at com.mysql.cj.jdbc.ConnectionImpl.<init>(ConnectionImpl.java:614)
	at com.mysql.cj.jdbc.ConnectionImpl.getInstance(ConnectionImpl.java:399)
	at com.mysql.cj.jdbc.NonRegisteringDriver.connect(NonRegisteringDriver.java:209)
	at java.sql/java.sql.DriverManager.getConnection(DriverManager.java:681)
	at java.sql/java.sql.DriverManager.getConnection(DriverManager.java:190)
	at org.datanucleus.store.rdbms.datasource.dbcp2.DriverManagerConnectionFactory.createConnection(DriverManagerConnectionFactory.java:123)
	at org.datanucleus.store.rdbms.datasource.dbcp2.PoolableConnectionFactory.makeObject(PoolableConnectionFactory.java:353)
	at org.datanucleus.store.rdbms.datasource.dbcp2.pool2.impl.GenericObjectPool.create(GenericObjectPool.java:899)
	at org.datanucleus.store.rdbms.datasource.dbcp2.pool2.impl.GenericObjectPool.borrowObject(GenericObjectPool.java:429)
	at org.datanucleus.store.rdbms.datasource.dbcp2.pool2.impl.GenericObjectPool.borrowObject(GenericObjectPool.java:354)
	at org.datanucleus.store.rdbms.datasource.dbcp2.PoolingDataSource.getConnection(PoolingDataSource.java:132)
	at org.datanucleus.store.rdbms.ConnectionFactoryImpl$ManagedConnectionImpl.getConnection(ConnectionFactoryImpl.java:496)
	at org.datanucleus.store.rdbms.RDBMSStoreManager.<init>(RDBMSStoreManager.java:285)
	at java.base/jdk.internal.reflect.NativeConstructorAccessorImpl.newInstance0(Native Method)
	at java.base/jdk.internal.reflect.NativeConstructorAccessorImpl.newInstance(NativeConstructorAccessorImpl.java:77)
	at java.base/jdk.internal.reflect.DelegatingConstructorAccessorImpl.newInstance(DelegatingConstructorAccessorImpl.java:45)
	at java.base/java.lang.reflect.Constructor.newInstanceWithCaller(Constructor.java:499)
	at java.base/java.lang.reflect.Constructor.newInstance(Constructor.java:480)
	at org.datanucleus.util.ClassUtils.newInstance(ClassUtils.java:81)
	at org.datanucleus.plugin.NonManagedPluginRegistry.createExecutableExtension(NonManagedPluginRegistry.java:592)
	at org.datanucleus.plugin.PluginManager.createExecutableExtension(PluginManager.java:296)
	at org.datanucleus.store.StoreManagerHelper.createStoreManagerForProperties(StoreManagerHelper.java:77)
	at org.datanucleus.PersistenceNucleusContextImpl.initialise(PersistenceNucleusContextImpl.java:424)
	at org.datanucleus.store.schema.SchemaTool.getNucleusContextForMode(SchemaTool.java:738)
	at org.datanucleus.store.schema.SchemaTool.main(SchemaTool.java:295)
15:21:38,395 (main) ERROR [DataNucleus.Datastore.Schema] - La inicialización del base de datos ha fallado.
Access denied for user 'root'@'localhost' (using password: YES)
org.datanucleus.exceptions.NucleusDataStoreException: Access denied for user 'root'@'localhost' (using password: YES)
	at org.datanucleus.store.rdbms.ConnectionFactoryImpl$ManagedConnectionImpl.getConnection(ConnectionFactoryImpl.java:513)
	at org.datanucleus.store.rdbms.RDBMSStoreManager.<init>(RDBMSStoreManager.java:285)
	at java.base/jdk.internal.reflect.NativeConstructorAccessorImpl.newInstance0(Native Method)
	at java.base/jdk.internal.reflect.NativeConstructorAccessorImpl.newInstance(NativeConstructorAccessorImpl.java:77)
	at java.base/jdk.internal.reflect.DelegatingConstructorAccessorImpl.newInstance(DelegatingConstructorAccessorImpl.java:45)
	at java.base/java.lang.reflect.Constructor.newInstanceWithCaller(Constructor.java:499)
	at java.base/java.lang.reflect.Constructor.newInstance(Constructor.java:480)
	at org.datanucleus.util.ClassUtils.newInstance(ClassUtils.java:81)
	at org.datanucleus.plugin.NonManagedPluginRegistry.createExecutableExtension(NonManagedPluginRegistry.java:592)
	at org.datanucleus.plugin.PluginManager.createExecutableExtension(PluginManager.java:296)
	at org.datanucleus.store.StoreManagerHelper.createStoreManagerForProperties(StoreManagerHelper.java:77)
	at org.datanucleus.PersistenceNucleusContextImpl.initialise(PersistenceNucleusContextImpl.java:424)
	at org.datanucleus.store.schema.SchemaTool.getNucleusContextForMode(SchemaTool.java:738)
	at org.datanucleus.store.schema.SchemaTool.main(SchemaTool.java:295)
Caused by: java.sql.SQLException: Access denied for user 'root'@'localhost' (using password: YES)
	at com.mysql.cj.jdbc.exceptions.SQLError.createSQLException(SQLError.java:129)
	at com.mysql.cj.jdbc.exceptions.SQLExceptionsMapping.translateException(SQLExceptionsMapping.java:122)
	at com.mysql.cj.jdbc.ConnectionImpl.createNewIO(ConnectionImpl.java:1001)
	at com.mysql.cj.jdbc.ConnectionImpl.<init>(ConnectionImpl.java:614)
	at com.mysql.cj.jdbc.ConnectionImpl.getInstance(ConnectionImpl.java:399)
	at com.mysql.cj.jdbc.NonRegisteringDriver.connect(NonRegisteringDriver.java:209)
	at java.sql/java.sql.DriverManager.getConnection(DriverManager.java:681)
	at java.sql/java.sql.DriverManager.getConnection(DriverManager.java:190)
	at org.datanucleus.store.rdbms.datasource.dbcp2.DriverManagerConnectionFactory.createConnection(DriverManagerConnectionFactory.java:123)
	at org.datanucleus.store.rdbms.datasource.dbcp2.PoolableConnectionFactory.makeObject(PoolableConnectionFactory.java:353)
	at org.datanucleus.store.rdbms.datasource.dbcp2.pool2.impl.GenericObjectPool.create(GenericObjectPool.java:899)
	at org.datanucleus.store.rdbms.datasource.dbcp2.pool2.impl.GenericObjectPool.borrowObject(GenericObjectPool.java:429)
	at org.datanucleus.store.rdbms.datasource.dbcp2.pool2.impl.GenericObjectPool.borrowObject(GenericObjectPool.java:354)
	at org.datanucleus.store.rdbms.datasource.dbcp2.PoolingDataSource.getConnection(PoolingDataSource.java:132)
	at org.datanucleus.store.rdbms.ConnectionFactoryImpl$ManagedConnectionImpl.getConnection(ConnectionFactoryImpl.java:496)
	... 13 more
Nested Throwables StackTrace:
java.sql.SQLException: Access denied for user 'root'@'localhost' (using password: YES)
	at com.mysql.cj.jdbc.exceptions.SQLError.createSQLException(SQLError.java:129)
	at com.mysql.cj.jdbc.exceptions.SQLExceptionsMapping.translateException(SQLExceptionsMapping.java:122)
	at com.mysql.cj.jdbc.ConnectionImpl.createNewIO(ConnectionImpl.java:1001)
	at com.mysql.cj.jdbc.ConnectionImpl.<init>(ConnectionImpl.java:614)
	at com.mysql.cj.jdbc.ConnectionImpl.getInstance(ConnectionImpl.java:399)
	at com.mysql.cj.jdbc.NonRegisteringDriver.connect(NonRegisteringDriver.java:209)
	at java.sql/java.sql.DriverManager.getConnection(DriverManager.java:681)
	at java.sql/java.sql.DriverManager.getConnection(DriverManager.java:190)
	at org.datanucleus.store.rdbms.datasource.dbcp2.DriverManagerConnectionFactory.createConnection(DriverManagerConnectionFactory.java:123)
	at org.datanucleus.store.rdbms.datasource.dbcp2.PoolableConnectionFactory.makeObject(PoolableConnectionFactory.java:353)
	at org.datanucleus.store.rdbms.datasource.dbcp2.pool2.impl.GenericObjectPool.create(GenericObjectPool.java:899)
	at org.datanucleus.store.rdbms.datasource.dbcp2.pool2.impl.GenericObjectPool.borrowObject(GenericObjectPool.java:429)
	at org.datanucleus.store.rdbms.datasource.dbcp2.pool2.impl.GenericObjectPool.borrowObject(GenericObjectPool.java:354)
	at org.datanucleus.store.rdbms.datasource.dbcp2.PoolingDataSource.getConnection(PoolingDataSource.java:132)
	at org.datanucleus.store.rdbms.ConnectionFactoryImpl$ManagedConnectionImpl.getConnection(ConnectionFactoryImpl.java:496)
	at org.datanucleus.store.rdbms.RDBMSStoreManager.<init>(RDBMSStoreManager.java:285)
	at java.base/jdk.internal.reflect.NativeConstructorAccessorImpl.newInstance0(Native Method)
	at java.base/jdk.internal.reflect.NativeConstructorAccessorImpl.newInstance(NativeConstructorAccessorImpl.java:77)
	at java.base/jdk.internal.reflect.DelegatingConstructorAccessorImpl.newInstance(DelegatingConstructorAccessorImpl.java:45)
	at java.base/java.lang.reflect.Constructor.newInstanceWithCaller(Constructor.java:499)
	at java.base/java.lang.reflect.Constructor.newInstance(Constructor.java:480)
	at org.datanucleus.util.ClassUtils.newInstance(ClassUtils.java:81)
	at org.datanucleus.plugin.NonManagedPluginRegistry.createExecutableExtension(NonManagedPluginRegistry.java:592)
	at org.datanucleus.plugin.PluginManager.createExecutableExtension(PluginManager.java:296)
	at org.datanucleus.store.StoreManagerHelper.createStoreManagerForProperties(StoreManagerHelper.java:77)
	at org.datanucleus.PersistenceNucleusContextImpl.initialise(PersistenceNucleusContextImpl.java:424)
	at org.datanucleus.store.schema.SchemaTool.getNucleusContextForMode(SchemaTool.java:738)
	at org.datanucleus.store.schema.SchemaTool.main(SchemaTool.java:295)
15:21:38,398 (main) ERROR [DataNucleus.Datastore] - Exception thrown creating StoreManager : Access denied for user 'root'@'localhost' (using password: YES)
15:21:38,398 (main) ERROR [DataNucleus.SchemaTool] - Error creating NucleusContext
Access denied for user 'root'@'localhost' (using password: YES)
org.datanucleus.exceptions.NucleusException: Access denied for user 'root'@'localhost' (using password: YES)
	at org.datanucleus.store.StoreManagerHelper.createStoreManagerForProperties(StoreManagerHelper.java:98)
	at org.datanucleus.PersistenceNucleusContextImpl.initialise(PersistenceNucleusContextImpl.java:424)
	at org.datanucleus.store.schema.SchemaTool.getNucleusContextForMode(SchemaTool.java:738)
	at org.datanucleus.store.schema.SchemaTool.main(SchemaTool.java:295)
Caused by: org.datanucleus.exceptions.NucleusDataStoreException: Access denied for user 'root'@'localhost' (using password: YES)
	at org.datanucleus.store.rdbms.ConnectionFactoryImpl$ManagedConnectionImpl.getConnection(ConnectionFactoryImpl.java:513)
	at org.datanucleus.store.rdbms.RDBMSStoreManager.<init>(RDBMSStoreManager.java:285)
	at java.base/jdk.internal.reflect.NativeConstructorAccessorImpl.newInstance0(Native Method)
	at java.base/jdk.internal.reflect.NativeConstructorAccessorImpl.newInstance(NativeConstructorAccessorImpl.java:77)
	at java.base/jdk.internal.reflect.DelegatingConstructorAccessorImpl.newInstance(DelegatingConstructorAccessorImpl.java:45)
	at java.base/java.lang.reflect.Constructor.newInstanceWithCaller(Constructor.java:499)
	at java.base/java.lang.reflect.Constructor.newInstance(Constructor.java:480)
	at org.datanucleus.util.ClassUtils.newInstance(ClassUtils.java:81)
	at org.datanucleus.plugin.NonManagedPluginRegistry.createExecutableExtension(NonManagedPluginRegistry.java:592)
	at org.datanucleus.plugin.PluginManager.createExecutableExtension(PluginManager.java:296)
	at org.datanucleus.store.StoreManagerHelper.createStoreManagerForProperties(StoreManagerHelper.java:77)
	... 3 more
Caused by: java.sql.SQLException: Access denied for user 'root'@'localhost' (using password: YES)
	at com.mysql.cj.jdbc.exceptions.SQLError.createSQLException(SQLError.java:129)
	at com.mysql.cj.jdbc.exceptions.SQLExceptionsMapping.translateException(SQLExceptionsMapping.java:122)
	at com.mysql.cj.jdbc.ConnectionImpl.createNewIO(ConnectionImpl.java:1001)
	at com.mysql.cj.jdbc.ConnectionImpl.<init>(ConnectionImpl.java:614)
	at com.mysql.cj.jdbc.ConnectionImpl.getInstance(ConnectionImpl.java:399)
	at com.mysql.cj.jdbc.NonRegisteringDriver.connect(NonRegisteringDriver.java:209)
	at java.sql/java.sql.DriverManager.getConnection(DriverManager.java:681)
	at java.sql/java.sql.DriverManager.getConnection(DriverManager.java:190)
	at org.datanucleus.store.rdbms.datasource.dbcp2.DriverManagerConnectionFactory.createConnection(DriverManagerConnectionFactory.java:123)
	at org.datanucleus.store.rdbms.datasource.dbcp2.PoolableConnectionFactory.makeObject(PoolableConnectionFactory.java:353)
	at org.datanucleus.store.rdbms.datasource.dbcp2.pool2.impl.GenericObjectPool.create(GenericObjectPool.java:899)
	at org.datanucleus.store.rdbms.datasource.dbcp2.pool2.impl.GenericObjectPool.borrowObject(GenericObjectPool.java:429)
	at org.datanucleus.store.rdbms.datasource.dbcp2.pool2.impl.GenericObjectPool.borrowObject(GenericObjectPool.java:354)
	at org.datanucleus.store.rdbms.datasource.dbcp2.PoolingDataSource.getConnection(PoolingDataSource.java:132)
	at org.datanucleus.store.rdbms.ConnectionFactoryImpl$ManagedConnectionImpl.getConnection(ConnectionFactoryImpl.java:496)
	... 13 more
Nested Throwables StackTrace:
Access denied for user 'root'@'localhost' (using password: YES)
org.datanucleus.exceptions.NucleusDataStoreException: Access denied for user 'root'@'localhost' (using password: YES)
	at org.datanucleus.store.rdbms.ConnectionFactoryImpl$ManagedConnectionImpl.getConnection(ConnectionFactoryImpl.java:513)
	at org.datanucleus.store.rdbms.RDBMSStoreManager.<init>(RDBMSStoreManager.java:285)
	at java.base/jdk.internal.reflect.NativeConstructorAccessorImpl.newInstance0(Native Method)
	at java.base/jdk.internal.reflect.NativeConstructorAccessorImpl.newInstance(NativeConstructorAccessorImpl.java:77)
	at java.base/jdk.internal.reflect.DelegatingConstructorAccessorImpl.newInstance(DelegatingConstructorAccessorImpl.java:45)
	at java.base/java.lang.reflect.Constructor.newInstanceWithCaller(Constructor.java:499)
	at java.base/java.lang.reflect.Constructor.newInstance(Constructor.java:480)
	at org.datanucleus.util.ClassUtils.newInstance(ClassUtils.java:81)
	at org.datanucleus.plugin.NonManagedPluginRegistry.createExecutableExtension(NonManagedPluginRegistry.java:592)
	at org.datanucleus.plugin.PluginManager.createExecutableExtension(PluginManager.java:296)
	at org.datanucleus.store.StoreManagerHelper.createStoreManagerForProperties(StoreManagerHelper.java:77)
	at org.datanucleus.PersistenceNucleusContextImpl.initialise(PersistenceNucleusContextImpl.java:424)
	at org.datanucleus.store.schema.SchemaTool.getNucleusContextForMode(SchemaTool.java:738)
	at org.datanucleus.store.schema.SchemaTool.main(SchemaTool.java:295)
Caused by: java.sql.SQLException: Access denied for user 'root'@'localhost' (using password: YES)
	at com.mysql.cj.jdbc.exceptions.SQLError.createSQLException(SQLError.java:129)
	at com.mysql.cj.jdbc.exceptions.SQLExceptionsMapping.translateException(SQLExceptionsMapping.java:122)
	at com.mysql.cj.jdbc.ConnectionImpl.createNewIO(ConnectionImpl.java:1001)
	at com.mysql.cj.jdbc.ConnectionImpl.<init>(ConnectionImpl.java:614)
	at com.mysql.cj.jdbc.ConnectionImpl.getInstance(ConnectionImpl.java:399)
	at com.mysql.cj.jdbc.NonRegisteringDriver.connect(NonRegisteringDriver.java:209)
	at java.sql/java.sql.DriverManager.getConnection(DriverManager.java:681)
	at java.sql/java.sql.DriverManager.getConnection(DriverManager.java:190)
	at org.datanucleus.store.rdbms.datasource.dbcp2.DriverManagerConnectionFactory.createConnection(DriverManagerConnectionFactory.java:123)
	at org.datanucleus.store.rdbms.datasource.dbcp2.PoolableConnectionFactory.makeObject(PoolableConnectionFactory.java:353)
	at org.datanucleus.store.rdbms.datasource.dbcp2.pool2.impl.GenericObjectPool.create(GenericObjectPool.java:899)
	at org.datanucleus.store.rdbms.datasource.dbcp2.pool2.impl.GenericObjectPool.borrowObject(GenericObjectPool.java:429)
	at org.datanucleus.store.rdbms.datasource.dbcp2.pool2.impl.GenericObjectPool.borrowObject(GenericObjectPool.java:354)
	at org.datanucleus.store.rdbms.datasource.dbcp2.PoolingDataSource.getConnection(PoolingDataSource.java:132)
	at org.datanucleus.store.rdbms.ConnectionFactoryImpl$ManagedConnectionImpl.getConnection(ConnectionFactoryImpl.java:496)
	... 13 more
Nested Throwables StackTrace:
java.sql.SQLException: Access denied for user 'root'@'localhost' (using password: YES)
	at com.mysql.cj.jdbc.exceptions.SQLError.createSQLException(SQLError.java:129)
	at com.mysql.cj.jdbc.exceptions.SQLExceptionsMapping.translateException(SQLExceptionsMapping.java:122)
	at com.mysql.cj.jdbc.ConnectionImpl.createNewIO(ConnectionImpl.java:1001)
	at com.mysql.cj.jdbc.ConnectionImpl.<init>(ConnectionImpl.java:614)
	at com.mysql.cj.jdbc.ConnectionImpl.getInstance(ConnectionImpl.java:399)
	at com.mysql.cj.jdbc.NonRegisteringDriver.connect(NonRegisteringDriver.java:209)
	at java.sql/java.sql.DriverManager.getConnection(DriverManager.java:681)
	at java.sql/java.sql.DriverManager.getConnection(DriverManager.java:190)
	at org.datanucleus.store.rdbms.datasource.dbcp2.DriverManagerConnectionFactory.createConnection(DriverManagerConnectionFactory.java:123)
	at org.datanucleus.store.rdbms.datasource.dbcp2.PoolableConnectionFactory.makeObject(PoolableConnectionFactory.java:353)
	at org.datanucleus.store.rdbms.datasource.dbcp2.pool2.impl.GenericObjectPool.create(GenericObjectPool.java:899)
	at org.datanucleus.store.rdbms.datasource.dbcp2.pool2.impl.GenericObjectPool.borrowObject(GenericObjectPool.java:429)
	at org.datanucleus.store.rdbms.datasource.dbcp2.pool2.impl.GenericObjectPool.borrowObject(GenericObjectPool.java:354)
	at org.datanucleus.store.rdbms.datasource.dbcp2.PoolingDataSource.getConnection(PoolingDataSource.java:132)
	at org.datanucleus.store.rdbms.ConnectionFactoryImpl$ManagedConnectionImpl.getConnection(ConnectionFactoryImpl.java:496)
	at org.datanucleus.store.rdbms.RDBMSStoreManager.<init>(RDBMSStoreManager.java:285)
	at java.base/jdk.internal.reflect.NativeConstructorAccessorImpl.newInstance0(Native Method)
	at java.base/jdk.internal.reflect.NativeConstructorAccessorImpl.newInstance(NativeConstructorAccessorImpl.java:77)
	at java.base/jdk.internal.reflect.DelegatingConstructorAccessorImpl.newInstance(DelegatingConstructorAccessorImpl.java:45)
	at java.base/java.lang.reflect.Constructor.newInstanceWithCaller(Constructor.java:499)
	at java.base/java.lang.reflect.Constructor.newInstance(Constructor.java:480)
	at org.datanucleus.util.ClassUtils.newInstance(ClassUtils.java:81)
	at org.datanucleus.plugin.NonManagedPluginRegistry.createExecutableExtension(NonManagedPluginRegistry.java:592)
	at org.datanucleus.plugin.PluginManager.createExecutableExtension(PluginManager.java:296)
	at org.datanucleus.store.StoreManagerHelper.createStoreManagerForProperties(StoreManagerHelper.java:77)
	at org.datanucleus.PersistenceNucleusContextImpl.initialise(PersistenceNucleusContextImpl.java:424)
	at org.datanucleus.store.schema.SchemaTool.getNucleusContextForMode(SchemaTool.java:738)
	at org.datanucleus.store.schema.SchemaTool.main(SchemaTool.java:295)
